2012-Feb-12 16:13:56 GIVE ME TIME COOKIES
2012-Feb-12 16:25:00 String conversion error
2012-Feb-12 17:09:59 An unexcepted exception has occurred
2012-Feb-12 17:12:44 An unexcepted exception has occurred
2012-Feb-12 17:13:05 An unknown error has occured
2012-Feb-12 17:17:52 Could not unlock cache file
2012-Feb-12 22:24:10 An unexcepted exception has occurred
2012-Feb-12 23:29:14 Could not read cache file
2012-Feb-12 23:29:24 Could not read cache file
2012-Feb-12 23:32:58 An unexcepted exception has occurred
2012-Feb-12 23:33:15 An unexcepted exception has occurred
2012-Feb-12 23:34:25 Could not read cache file
2012-Feb-12 23:38:43 An unexcepted exception has occurred
2012-Feb-13 01:04:18 Peniskopf invalid Datum gesetzt
2012-Feb-13 01:04:52 Peniskopf invalid Datum gesetzt
2012-Feb-13 01:11:30 Invalid pre code cache
2012-Feb-13 01:11:58 Invalid pre code cache
2012-Feb-13 01:12:25 Invalid pre code cache
2012-Feb-13 01:42:05 Invalid pre code cache
2012-Feb-13 02:03:29 The old code and the new code are identical. Stop mode!
2012-Feb-13 02:03:41 The cache system is in stop mode. There is something amiss..
2012-Feb-13 02:04:29 Could not access cache file
2012-Feb-13 02:04:29 Could not access cache file
2012-Feb-13 02:04:43 Could not access cache file
2012-Feb-13 02:04:43 Could not access cache file
2012-Feb-13 02:04:44 Could not access cache file
2012-Feb-13 02:04:44 Could not access cache file
2012-Feb-13 02:04:47 Could not access cache file
2012-Feb-13 02:04:47 Could not access cache file
2012-Feb-13 02:04:48 Could not access cache file
2012-Feb-13 02:04:48 Could not access cache file
2012-Feb-13 02:06:21 Another bkbot process updates the cache currently
2012-Feb-13 02:06:45 Another bkbot process updates the cache currently
2012-Feb-13 02:14:24 Invalid pre code cache
2012-Feb-13 02:15:46 Invalid pre code cache
2012-Feb-13 02:20:07 Invalid pre code cache
2012-Feb-13 02:20:17 Invalid pre code cache
2012-Feb-13 02:20:53 Invalid pre code cache
2012-Feb-13 02:21:14 Invalid pre code cache
2012-Feb-13 02:32:13 Another bkbot process updates the cache currently
2012-Feb-13 02:32:24 The old code and the new code are identical. Stop mode!
2012-Feb-13 02:32:28 The cache system is in stop mode. There is something amiss..
2012-Feb-13 02:32:28 The cache system is in stop mode. There is something amiss..
2012-Feb-13 02:33:32 Another bkbot process updates the cache currently
2012-Feb-13 02:36:22 The old code and the new code are identical. Stop mode!
2012-Feb-13 17:40:27 Another bkbot process updates the cache currently
2012-Feb-14 14:56:09 The old code and the new code are identical. Stop mode!
2012-Feb-14 16:01:45 Another bkbot process updates the cache currently
2012-Feb-14 16:01:45 Another bkbot process updates the cache currently
2012-Feb-14 16:06:56 An unexcepted exception has occurred
2012-Feb-14 16:09:14 An unexcepted exception has occurred
2012-Feb-14 16:09:59 An unexcepted exception has occurred
2012-Feb-14 16:10:28 An unexcepted exception has occurred
2012-Feb-16 23:22:50 peniskopftest
2012-Feb-16 23:23:41 peniskopftest
2012-Feb-22 18:17:01 Invalid creation date
2012-Feb-22 18:59:38 An unknown error has occured
2012-Feb-22 18:59:44 An unknown error has occured
2012-Feb-22 18:59:59 An unknown error has occured
2012-Feb-22 19:00:08 An unknown error has occured
2012-Feb-22 19:00:27 An unknown error has occured
2012-Jul-25 03:16:13 An unknown error has occured
2012-Jul-26 21:49:17 An unknown error has occured
2012-Jul-26 21:49:19 An unknown error has occured
2012-Jul-26 22:09:52 An unknown error has occured
2012-Jul-26 22:13:09 An unknown error has occured
2012-Jul-26 22:21:14 An unknown error has occured
2012-Jul-27 01:11:47 An unknown error has occured
2012-Jul-27 01:13:58 das passiert dem was heftiges
2012-Jul-27 01:14:06 das passiert dem was heftiges
2012-Jul-27 01:14:20 das passiert dem was heftiges
2012-Jul-27 01:14:34 An unknown error has occured
2012-Jul-27 01:14:55 An unknown error has occured
2012-Jul-27 01:16:11 peenis
2012-Jul-27 01:16:38 No IoNF value
2012-Jul-27 01:17:23 No IoNF value
2012-Jul-27 01:42:06 No IoNF value
2012-Jul-27 01:56:57 No IoNF value
2012-Jul-27 01:57:55 No IoNF value
2012-Jul-27 01:57:59 No IoNF value
2012-Jul-27 01:59:53 No IoNF value
2012-Jul-27 13:44:58 asd
2012-Jul-27 16:42:17 asd
2012-Jul-27 16:42:24 asd
2012-Jul-27 16:42:35 Could not find the string, ling ling
2012-Jul-27 18:15:12 <html><head><title>Object moved</title></head><body>
<h2>Object moved to <a href="/Block.aspx?c=352311">here</a>.</h2>
</body></html>
Could not find the string, ling ling
2012-Jul-27 19:06:07 <html><head><title>Object moved</title></head><body>
<h2>Object moved to <a href="/Block.aspx?c=311412">here</a>.</h2>
</body></html>

2012-Jul-27 19:07:20 <!DOCTYPE html PUBLIC "-//W3C//DTD XHTML 1.0 Strict//EN" "http://www.w3.org/TR/xhtml1/DTD/xhtml1-strict.dtd">
<html xml:lang="en" xmlns="http://www.w3.org/1999/xhtml">
  <head>
    <title>My BK Experience</title>
    <meta content="text/html; charset=UTF-8" http-equiv="Content-Type" />
    <link rel="icon" type="image/x-icon" href="/Projects/BK_INT/images/BK/favicon.ico" />
    <link rel="shortcut icon" type="image/vnd.microsoft.icon" href="/Projects/BK_INT/images/BK/favicon.ico" />
    <script type="text/javascript" src="/Common/jscript/Library.js"> </script>
    <link rel="stylesheet" type="text/css" href="/Common/controls/BrandedInputs/BrandedInput.css" />
    <script type="text/javascript" src="/Common/controls/BrandedInputs/BrandedInput.js"> </script>
    <link rel="stylesheet" type="text/css" href="/Common/css/GlobalDesktop.css" /><!--[if lte IE 7.0]><link rel="stylesheet" type="text/css" href="/Common/css/ie7.css" />
									<![endif]-->
									<!--[if lte IE 6.0]><link rel="stylesheet" type="text/css" href="/Common/css/ie6.css" />
									<![endif]-->
									<link rel="stylesheet" type="text/css" href="/Projects/BK_INT/css/Styles.css" /><!--[if lt IE 7.0]><link rel="stylesheet" type="text/css" href="/Projects/BK_INT/css/IE6.css" />
									<![endif]-->
									</head>
  <body class="de BKde Block">
    <div id="outerframe" class="BrandedRblEnabled-JS BrandedOptEnabled-JS">
      <div id="headerpush"> </div>
      <div id="header">
        <noscript>
          <p>My BK Experience</p>
        </noscript>
      </div>
      <div id="middle">
        <div id="middleextratop"> </div>
        <div id="content">
          <div id="BlockPage" class="SurveyHolder"><!-- Modules -->
				<div id="jsrequired">
					<p>Um an dieser Umfrage teilzunehmen, müssen Sie JavaScript für Ihren Browser aktivieren.  Nach Aktivierung von JavaScript können Sie an der Umfrage teilnehmen. Sie müssen jedoch alle Browser-Fenster schließen und die Umfrage erneut starten.   Wir bitten um Entschuldigung für dadurch verursachte Unannehmlichkeiten.</p>
					<p>Anweisungen zum Aktivieren von JavaScript für alle Versionen von Internet Explorer, Mozilla FireFox 3.X, Opera und Netscape finden Sie unter <a href="http://support.microsoft.com/gp/howtoscript">http://support.microsoft.com/gp/howtoscript</a>.</p>
					<ul>
						<li>Aktivieren von JavaScript für Safari 4.0
							<ul>
								  <li>Klicken Sie in der Menüleiste auf „Bearbeiten“ und wählen Sie anschließend „Einstellungen“.</li>
								  <li>Klicken Sie im Dialogfenster, das angezeigt wird, oben in der Menüleiste auf „Sicherheit“.</li>
								  <li>Aktivieren Sie oben im Sicherheitsbereich im Bereich für Web-Inhalte das Kontrollkästchen „JavaScript aktivieren“.</li>
								  <li>Schließen Sie das Dialogfenster und alle Browserfenster und starten Sie die Umfrage erneut.</li>
							</ul>
						</li>
					</ul>				
				</div>
			</div>
          <div id="contenttrailer" class="pusher"> </div>
        </div>
        <div id="middleextrabottom"> </div>
      </div>
      <div id="footer">
					<ul id="footerL">
						<li id="footerPP"><a href="DContent.aspx?Page=Privacy&amp;c=441512"  onclick="window.open(this.href); return false;">Datenschutzrichtlinie</a></li>
						<li id="footerCR">&copy; 2012 Service Management Group, Inc. Alle Rechte vorbehalten.</li>
					</ul>
					</div><div id="footerpush"></div></div><div id="footerframe"></div></body>
</html>
2012-Jul-27 19:08:49 <html><head><title>Object moved</title></head><body>
<h2>Object moved to <a href="/Block.aspx?c=131712">here</a>.</h2>
</body></html>

2012-Jul-27 19:09:18 <html><head><title>Object moved</title></head><body>
<h2>Object moved to <a href="/Block.aspx?c=411712">here</a>.</h2>
</body></html>

2012-Jul-27 19:09:31 <!DOCTYPE html PUBLIC "-//W3C//DTD XHTML 1.0 Strict//EN" "http://www.w3.org/TR/xhtml1/DTD/xhtml1-strict.dtd">
<html xml:lang="en" xmlns="http://www.w3.org/1999/xhtml">
  <head>
    <title>My BK Experience</title>
    <meta content="text/html; charset=UTF-8" http-equiv="Content-Type" />
    <link rel="icon" type="image/x-icon" href="/Projects/BK_INT/images/BK/favicon.ico" />
    <link rel="shortcut icon" type="image/vnd.microsoft.icon" href="/Projects/BK_INT/images/BK/favicon.ico" />
    <script type="text/javascript" src="/Common/jscript/Library.js"> </script>
    <link rel="stylesheet" type="text/css" href="/Common/controls/BrandedInputs/BrandedInput.css" />
    <script type="text/javascript" src="/Common/controls/BrandedInputs/BrandedInput.js"> </script>
    <link rel="stylesheet" type="text/css" href="/Common/css/GlobalDesktop.css" /><!--[if lte IE 7.0]><link rel="stylesheet" type="text/css" href="/Common/css/ie7.css" />
									<![endif]-->
									<!--[if lte IE 6.0]><link rel="stylesheet" type="text/css" href="/Common/css/ie6.css" />
									<![endif]-->
									<script type="text/javascript" src="Common/jscript/AutoTab.js"> </script>
    <link rel="stylesheet" type="text/css" href="/Projects/BK_INT/css/Styles.css" /><!--[if lt IE 7.0]><link rel="stylesheet" type="text/css" href="/Projects/BK_INT/css/IE6.css" />
									<![endif]-->
									</head>
  <body class="IndexPage CouponEntryPage de BKde PreValidation">
    <div id="outerframe" class="BrandedRblEnabled-JS BrandedOptEnabled-JS">
      <div id="headerpush"> </div>
      <div id="header">
        <noscript>
          <p>My BK Experience</p>
        </noscript>
      </div>
      <div id="middle">
        <div id="middleextratop"> </div>
        <div id="content">
          <form method="post" id="surveyEntryForm" action="Survey.aspx?c=551712">
            <div id="surveyQuestions" class="SurveyHolder"><!-- Modules --><input type="hidden" id="JavaScriptEnabled" name="JavaScriptEnabled" value="0"/><script type="text/javascript">if (document.getElementById("JavaScriptEnabled")) { document.getElementById("JavaScriptEnabled").value = "1"; } </script><input type="hidden" id="FIP" name="FIP" value="True"/><p class="IndexHeader">Willkommen zur My Burger King® Experience-Umfrage.</p>
<p class="IndexText">Wir legen großen Wert auf Ihr offenes Feedback und wissen es zu schätzen, dass Sie sich die Zeit zur Teilnahme an der Umfrage nehmen.</p>
<p class="IndexText">Am Ende der Umfrage erhalten Sie einen Bestätigungscode, den Sie in das entsprechende Feld auf der Einladung eintragen.</p>
<p class="IndexText00"><label for="SurveyCode">Bitte geben Sie die Burger King® Restaurantnummer ein, die sich auf der Vorderseite der Einladung befindet.</label></p><p class="IndexText01"><input type="text" id="SurveyCode" name="SurveyCode" title="SurveyCode" maxlength="6" style="width:4.32em;" value=""/></p><p class="IndexText00"><label for="InputDay">Bitte geben Sie das Datum Ihres Besuchs ein.</label></p><p class="IndexText01"><select id="InputDay" name="InputDay" title="InputDay">
<option value=""> -- </option><option value="01">01</option><option value="02">02</option><option value="03">03</option><option value="04">04</option><option value="05">05</option><option value="06">06</option><option value="07">07</option><option value="08">08</option><option value="09">09</option><option value="10">10</option><option value="11">11</option><option value="12">12</option><option value="13">13</option><option value="14">14</option><option value="15">15</option><option value="16">16</option><option value="17">17</option><option value="18">18</option><option value="19">19</option><option value="20">20</option><option value="21">21</option><option value="22">22</option><option value="23">23</option><option value="24">24</option><option value="25">25</option><option value="26">26</option><option value="27">27</option><option value="28">28</option><option value="29">29</option><option value="30">30</option><option value="31">31</option>
</select>
 / <select id="InputMonth" name="InputMonth" title="InputMonth">
<option value=""> -- </option><option value="01">01</option><option value="02">02</option><option value="03">03</option><option value="04">04</option><option value="05">05</option><option value="06">06</option><option value="07">07</option><option value="08">08</option><option value="09">09</option><option value="10">10</option><option value="11">11</option><option value="12">12</option>
</select>
 / <select id="InputYear" name="InputYear" title="InputYear">
<option value=""> -- </option><option value="11">11</option><option value="12">12</option>
</select>
</p><p class="IndexText">Durch Ihre Teilnahme an der Umfrage stimmen Sie den Bedingungen unserer Datenschutzerklärung zu.</p>
<div id="Buttonholder"><input type="submit" id="NextButton" name="NextButton" value="Beginnen" /></div><ul class="languageOption"><li><a href="Index.aspx?LanguageID=en-GB">English</a></li><li><a href="Index.aspx?LanguageID=fr-CH">Français</a></li><li><a href="Index.aspx?LanguageID=it-CH">Italiano</a></li></ul></div>
          </form>
          <div id="contenttrailer" class="pusher"> </div>
        </div>
        <div id="middleextrabottom"> </div>
      </div>
      <div id="footer">
					<ul id="footerL">
						<li id="footerPP"><a href="DContent.aspx?Page=Privacy&amp;c=551712"  onclick="window.open(this.href); return false;">Datenschutzrichtlinie</a></li>
						<li id="footerCR">&copy; 2012 Service Management Group, Inc. Alle Rechte vorbehalten.</li>
					</ul>
					</div><div id="footerpush"></div></div><div id="footerframe"></div></body>
</html>
2012-Jul-27 19:20:50 <!DOCTYPE html PUBLIC "-//W3C//DTD XHTML 1.0 Strict//EN" "http://www.w3.org/TR/xhtml1/DTD/xhtml1-strict.dtd">
<html xml:lang="en" xmlns="http://www.w3.org/1999/xhtml">
  <head>
    <title>My BK Experience</title>
    <meta content="text/html; charset=UTF-8" http-equiv="Content-Type" />
    <link rel="icon" type="image/x-icon" href="/Projects/BK_INT/images/BK/favicon.ico" />
    <link rel="shortcut icon" type="image/vnd.microsoft.icon" href="/Projects/BK_INT/images/BK/favicon.ico" />
    <script type="text/javascript" src="/Common/jscript/Library.js"> </script>
    <link rel="stylesheet" type="text/css" href="/Common/controls/BrandedInputs/BrandedInput.css" />
    <script type="text/javascript" src="/Common/controls/BrandedInputs/BrandedInput.js"> </script>
    <link rel="stylesheet" type="text/css" href="/Common/css/GlobalDesktop.css" /><!--[if lte IE 7.0]><link rel="stylesheet" type="text/css" href="/Common/css/ie7.css" />
									<![endif]-->
									<!--[if lte IE 6.0]><link rel="stylesheet" type="text/css" href="/Common/css/ie6.css" />
									<![endif]-->
									<script type="text/javascript" src="Common/jscript/AutoTab.js"> </script>
    <link rel="stylesheet" type="text/css" href="/Projects/BK_INT/css/Styles.css" /><!--[if lt IE 7.0]><link rel="stylesheet" type="text/css" href="/Projects/BK_INT/css/IE6.css" />
									<![endif]-->
									</head>
  <body class="IndexPage CouponEntryPage de BKde PreValidation">
    <div id="outerframe" class="BrandedRblEnabled-JS BrandedOptEnabled-JS">
      <div id="headerpush"> </div>
      <div id="header">
        <noscript>
          <p>My BK Experience</p>
        </noscript>
      </div>
      <div id="middle">
        <div id="middleextratop"> </div>
        <div id="content">
          <form method="post" id="surveyEntryForm" action="Survey.aspx?c=142912">
            <div id="surveyQuestions" class="SurveyHolder"><!-- Modules --><input type="hidden" id="JavaScriptEnabled" name="JavaScriptEnabled" value="0"/><script type="text/javascript">if (document.getElementById("JavaScriptEnabled")) { document.getElementById("JavaScriptEnabled").value = "1"; } </script><input type="hidden" id="FIP" name="FIP" value="True"/><p class="IndexHeader">Willkommen zur My Burger King® Experience-Umfrage.</p>
<p class="IndexText">Wir legen großen Wert auf Ihr offenes Feedback und wissen es zu schätzen, dass Sie sich die Zeit zur Teilnahme an der Umfrage nehmen.</p>
<p class="IndexText">Am Ende der Umfrage erhalten Sie einen Bestätigungscode, den Sie in das entsprechende Feld auf der Einladung eintragen.</p>
<p class="IndexText00"><label for="SurveyCode">Bitte geben Sie die Burger King® Restaurantnummer ein, die sich auf der Vorderseite der Einladung befindet.</label></p><p class="IndexText01"><input type="text" id="SurveyCode" name="SurveyCode" title="SurveyCode" maxlength="6" style="width:4.32em;" value=""/></p><p class="IndexText00"><label for="InputDay">Bitte geben Sie das Datum Ihres Besuchs ein.</label></p><p class="IndexText01"><select id="InputDay" name="InputDay" title="InputDay">
<option value=""> -- </option><option value="01">01</option><option value="02">02</option><option value="03">03</option><option value="04">04</option><option value="05">05</option><option value="06">06</option><option value="07">07</option><option value="08">08</option><option value="09">09</option><option value="10">10</option><option value="11">11</option><option value="12">12</option><option value="13">13</option><option value="14">14</option><option value="15">15</option><option value="16">16</option><option value="17">17</option><option value="18">18</option><option value="19">19</option><option value="20">20</option><option value="21">21</option><option value="22">22</option><option value="23">23</option><option value="24">24</option><option value="25">25</option><option value="26">26</option><option value="27">27</option><option value="28">28</option><option value="29">29</option><option value="30">30</option><option value="31">31</option>
</select>
 / <select id="InputMonth" name="InputMonth" title="InputMonth">
<option value=""> -- </option><option value="01">01</option><option value="02">02</option><option value="03">03</option><option value="04">04</option><option value="05">05</option><option value="06">06</option><option value="07">07</option><option value="08">08</option><option value="09">09</option><option value="10">10</option><option value="11">11</option><option value="12">12</option>
</select>
 / <select id="InputYear" name="InputYear" title="InputYear">
<option value=""> -- </option><option value="11">11</option><option value="12">12</option>
</select>
</p><p class="IndexText">Durch Ihre Teilnahme an der Umfrage stimmen Sie den Bedingungen unserer Datenschutzerklärung zu.</p>
<div id="Buttonholder"><input type="submit" id="NextButton" name="NextButton" value="Beginnen" /></div><ul class="languageOption"><li><a href="Index.aspx?LanguageID=en-GB">English</a></li><li><a href="Index.aspx?LanguageID=fr-CH">Français</a></li><li><a href="Index.aspx?LanguageID=it-CH">Italiano</a></li></ul></div>
          </form>
          <div id="contenttrailer" class="pusher"> </div>
        </div>
        <div id="middleextrabottom"> </div>
      </div>
      <div id="footer">
					<ul id="footerL">
						<li id="footerPP"><a href="DContent.aspx?Page=Privacy&amp;c=142912"  onclick="window.open(this.href); return false;">Datenschutzrichtlinie</a></li>
						<li id="footerCR">&copy; 2012 Service Management Group, Inc. Alle Rechte vorbehalten.</li>
					</ul>
					</div><div id="footerpush"></div></div><div id="footerframe"></div></body>
</html>
2012-Jul-27 19:22:45 <!DOCTYPE html PUBLIC "-//W3C//DTD XHTML 1.0 Strict//EN" "http://www.w3.org/TR/xhtml1/DTD/xhtml1-strict.dtd">
<html xml:lang="en" xmlns="http://www.w3.org/1999/xhtml">
  <head>
    <title>My BK Experience</title>
    <meta content="text/html; charset=UTF-8" http-equiv="Content-Type" />
    <link rel="icon" type="image/x-icon" href="/Projects/BK_INT/images/BK/favicon.ico" />
    <link rel="shortcut icon" type="image/vnd.microsoft.icon" href="/Projects/BK_INT/images/BK/favicon.ico" />
    <script type="text/javascript" src="/Common/jscript/Library.js"> </script>
    <link rel="stylesheet" type="text/css" href="/Common/controls/BrandedInputs/BrandedInput.css" />
    <script type="text/javascript" src="/Common/controls/BrandedInputs/BrandedInput.js"> </script>
    <link rel="stylesheet" type="text/css" href="/Common/css/GlobalDesktop.css" /><!--[if lte IE 7.0]><link rel="stylesheet" type="text/css" href="/Common/css/ie7.css" />
									<![endif]-->
									<!--[if lte IE 6.0]><link rel="stylesheet" type="text/css" href="/Common/css/ie6.css" />
									<![endif]-->
									<script type="text/javascript" src="Common/jscript/AutoTab.js"> </script>
    <link rel="stylesheet" type="text/css" href="/Projects/BK_INT/css/Styles.css" /><!--[if lt IE 7.0]><link rel="stylesheet" type="text/css" href="/Projects/BK_INT/css/IE6.css" />
									<![endif]-->
									</head>
  <body class="IndexPage CouponEntryPage de BKde PreValidation">
    <div id="outerframe" class="BrandedRblEnabled-JS BrandedOptEnabled-JS">
      <div id="headerpush"> </div>
      <div id="header">
        <noscript>
          <p>My BK Experience</p>
        </noscript>
      </div>
      <div id="middle">
        <div id="middleextratop"> </div>
        <div id="content">
          <form method="post" id="surveyEntryForm" action="Survey.aspx?c=083112">
            <div id="surveyQuestions" class="SurveyHolder"><!-- Modules --><input type="hidden" id="JavaScriptEnabled" name="JavaScriptEnabled" value="0"/><script type="text/javascript">if (document.getElementById("JavaScriptEnabled")) { document.getElementById("JavaScriptEnabled").value = "1"; } </script><input type="hidden" id="FIP" name="FIP" value="True"/><p class="IndexHeader">Willkommen zur My Burger King® Experience-Umfrage.</p>
<p class="IndexText">Wir legen großen Wert auf Ihr offenes Feedback und wissen es zu schätzen, dass Sie sich die Zeit zur Teilnahme an der Umfrage nehmen.</p>
<p class="IndexText">Am Ende der Umfrage erhalten Sie einen Bestätigungscode, den Sie in das entsprechende Feld auf der Einladung eintragen.</p>
<p class="IndexText00"><label for="SurveyCode">Bitte geben Sie die Burger King® Restaurantnummer ein, die sich auf der Vorderseite der Einladung befindet.</label></p><p class="IndexText01"><input type="text" id="SurveyCode" name="SurveyCode" title="SurveyCode" maxlength="6" style="width:4.32em;" value=""/></p><p class="IndexText00"><label for="InputDay">Bitte geben Sie das Datum Ihres Besuchs ein.</label></p><p class="IndexText01"><select id="InputDay" name="InputDay" title="InputDay">
<option value=""> -- </option><option value="01">01</option><option value="02">02</option><option value="03">03</option><option value="04">04</option><option value="05">05</option><option value="06">06</option><option value="07">07</option><option value="08">08</option><option value="09">09</option><option value="10">10</option><option value="11">11</option><option value="12">12</option><option value="13">13</option><option value="14">14</option><option value="15">15</option><option value="16">16</option><option value="17">17</option><option value="18">18</option><option value="19">19</option><option value="20">20</option><option value="21">21</option><option value="22">22</option><option value="23">23</option><option value="24">24</option><option value="25">25</option><option value="26">26</option><option value="27">27</option><option value="28">28</option><option value="29">29</option><option value="30">30</option><option value="31">31</option>
</select>
 / <select id="InputMonth" name="InputMonth" title="InputMonth">
<option value=""> -- </option><option value="01">01</option><option value="02">02</option><option value="03">03</option><option value="04">04</option><option value="05">05</option><option value="06">06</option><option value="07">07</option><option value="08">08</option><option value="09">09</option><option value="10">10</option><option value="11">11</option><option value="12">12</option>
</select>
 / <select id="InputYear" name="InputYear" title="InputYear">
<option value=""> -- </option><option value="11">11</option><option value="12">12</option>
</select>
</p><p class="IndexText">Durch Ihre Teilnahme an der Umfrage stimmen Sie den Bedingungen unserer Datenschutzerklärung zu.</p>
<div id="Buttonholder"><input type="submit" id="NextButton" name="NextButton" value="Beginnen" /></div><ul class="languageOption"><li><a href="Index.aspx?LanguageID=en-GB">English</a></li><li><a href="Index.aspx?LanguageID=fr-CH">Français</a></li><li><a href="Index.aspx?LanguageID=it-CH">Italiano</a></li></ul></div>
          </form>
          <div id="contenttrailer" class="pusher"> </div>
        </div>
        <div id="middleextrabottom"> </div>
      </div>
      <div id="footer">
					<ul id="footerL">
						<li id="footerPP"><a href="DContent.aspx?Page=Privacy&amp;c=083112"  onclick="window.open(this.href); return false;">Datenschutzrichtlinie</a></li>
						<li id="footerCR">&copy; 2012 Service Management Group, Inc. Alle Rechte vorbehalten.</li>
					</ul>
					</div><div id="footerpush"></div></div><div id="footerframe"></div></body>
</html>
2012-Jul-27 19:23:22 No IoNF value
2012-Jul-27 19:25:09 No IoNF value
2012-Jul-27 19:25:39 No IoNF value
2012-Jul-27 19:26:17 No IoNF value
2012-Jul-27 19:27:28 No IoNF value
2012-Jul-27 19:28:59 No IoNF value
2012-Jul-27 19:29:07 No IoNF value
2012-Jul-27 19:29:11 No IoNF value
2012-Jul-27 19:29:57 No IoNF value
2012-Jul-27 19:30:37 No IoNF value
2012-Jul-27 19:31:11 No IoNF value
2012-Jul-27 19:32:15 No IoNF value
2012-Jul-27 20:28:03 Another bkoder process updates the cache currently
2012-Jul-27 20:48:17 An unknown error has occured
2012-Jul-27 21:14:03 Another bkoder process updates the cache currently
2012-Jul-27 21:18:55 An unknown error has occured
